<?xml version="1.0" encoding="UTF-8"?>
<!-- Generated by org.testng.reporters.JUnitXMLReporter -->
<testsuite ignored="0" hostname="DESKTOP-TCNUG77" failures="0" tests="3" name="Default test" time="0.178" errors="0" timestamp="2024-08-01T21:08:04 IST">
  <testcase classname="SeleniumClass.SeleniumClass.TestPage" name="testcase2" time="0.034"/>
  <testcase classname="SeleniumClass.SeleniumClass.TestPage" name="testcase3" time="0.011"/>
  <testcase classname="SeleniumClass.SeleniumClass.TestPage" name="testcase1" time="0.003"/>
</testsuite> <!-- Default test -->
