<?xml version="1.0" encoding="UTF-8"?>
<testng-results ignored="0" total="3" passed="3" failed="0" skipped="0">
  <reporter-output>
  </reporter-output>
  <suite started-at="2024-08-01T21:08:04 IST" name="Default suite" finished-at="2024-08-01T21:08:04 IST" duration-ms="178">
    <groups>
    </groups>
    <test started-at="2024-08-01T21:08:04 IST" name="Default test" finished-at="2024-08-01T21:08:04 IST" duration-ms="178">
      <class name="SeleniumClass.SeleniumClass.TestPage">
        <test-method signature="testcase2()[pri:0, instance:SeleniumClass.SeleniumClass.TestPage@6340e5f0]" started-at="2024-08-01T21:08:04 IST" name="testcase2" finished-at="2024-08-01T21:08:04 IST" duration-ms="34" status="PASS">
          <reporter-output>
          </reporter-output>
        </test-method> <!-- testcase2 -->
        <test-method signature="testcase3()[pri:0, instance:SeleniumClass.SeleniumClass.TestPage@6340e5f0]" started-at="2024-08-01T21:08:04 IST" name="testcase3" finished-at="2024-08-01T21:08:04 IST" duration-ms="11" status="PASS">
          <reporter-output>
          </reporter-output>
        </test-method> <!-- testcase3 -->
        <test-method signature="testcase1()[pri:0, instance:SeleniumClass.SeleniumClass.TestPage@6340e5f0]" started-at="2024-08-01T21:08:04 IST" name="testcase1" finished-at="2024-08-01T21:08:04 IST" depends-on-methods="SeleniumClass.SeleniumClass.TestPage.testcase2, SeleniumClass.SeleniumClass.TestPage.testcase3" duration-ms="3" status="PASS">
          <reporter-output>
          </reporter-output>
        </test-method> <!-- testcase1 -->
      </class> <!-- SeleniumClass.SeleniumClass.TestPage -->
    </test> <!-- Default test -->
  </suite> <!-- Default suite -->
</testng-results>
